[
  {
    "level": "INFO",
    "message": "android.ndkVersion from module build.gradle is not set"
  },
  {
    "level": "INFO",
    "message": "ndk.dir in local.properties is C:\\Users\\ChangkiLee\\AppData\\Local\\Android\\Sdk\\ndk\\21.2.6472646"
  },
  {
    "level": "INFO",
    "message": "ANDROID_NDK_HOME environment variable is not set"
  },
  {
    "level": "INFO",
    "message": "sdkFolder is C:\\Users\\ChangkiLee\\AppData\\Local\\Android\\Sdk"
  },
  {
    "level": "INFO",
    "message": "Considering C:\\Users\\ChangkiLee\\AppData\\Local\\Android\\Sdk\\ndk\\21.2.6472646 by ndk.dir"
  },
  {
    "level": "INFO",
    "message": "Considering C:\\Users\\ChangkiLee\\AppData\\Local\\Android\\Sdk\\ndk-bundle in SDK ndk-bundle folder"
  },
  {
    "level": "INFO",
    "message": "Considering C:\\Users\\ChangkiLee\\AppData\\Local\\Android\\Sdk\\ndk\\20.0.5594570 in SDK ndk folder"
  },
  {
    "level": "INFO",
    "message": "Considering C:\\Users\\ChangkiLee\\AppData\\Local\\Android\\Sdk\\ndk\\20.1.5948944 in SDK ndk folder"
  },
  {
    "level": "INFO",
    "message": "Considering C:\\Users\\ChangkiLee\\AppData\\Local\\Android\\Sdk\\ndk\\21.0.6113669 in SDK ndk folder"
  },
  {
    "level": "INFO",
    "message": "Considering C:\\Users\\ChangkiLee\\AppData\\Local\\Android\\Sdk\\ndk\\21.1.6352462 in SDK ndk folder"
  },
  {
    "level": "INFO",
    "message": "Considering C:\\Users\\ChangkiLee\\AppData\\Local\\Android\\Sdk\\ndk\\21.2.6472646 in SDK ndk folder"
  },
  {
    "level": "INFO",
    "message": "Found requested ndk.dir (C:\\Users\\ChangkiLee\\AppData\\Local\\Android\\Sdk\\ndk\\21.2.6472646) which has version 21.2.6472646"
  }
]